2018-09-25 18:12:01,684 - INFO - [(8652)-MainThread] UM.PluginRegistry.loadPlugin [238]: Loaded plugin ConsoleLogger
2018-09-25 18:12:01,879 - INFO - [(8652)-MainThread] CuraEngineBackend.CuraEngineBackend.__init__ [65]: Found CuraEngine at: C:\Program Files\Ultimaker Cura 3.2\CuraEngine.exe
2018-09-25 18:12:01,883 - INFO - [(8652)-MainThread] UM.PluginRegistry.loadPlugin [238]: Loaded plugin CuraEngineBackend
2018-09-25 18:12:01,956 - INFO - [(8652)-MainThread] UM.PluginRegistry.loadPlugin [238]: Loaded plugin CuraProfileReader
2018-09-25 18:12:02,006 - INFO - [(8652)-MainThread] UM.PluginRegistry.loadPlugin [238]: Loaded plugin CuraProfileWriter
2018-09-25 18:12:02,082 - INFO - [(8652)-MainThread] UM.PluginRegistry.loadPlugin [238]: Loaded plugin OBJReader
2018-09-25 18:12:02,114 - INFO - [(8652)-MainThread] UM.PluginRegistry.loadPlugin [238]: Loaded plugin OBJWriter
2018-09-25 18:12:02,230 - INFO - [(8652)-MainThread] UM.PluginRegistry.loadPlugin [238]: Loaded plugin STLReader
2018-09-25 18:12:02,283 - INFO - [(8652)-MainThread] UM.PluginRegistry.loadPlugin [238]: Loaded plugin STLWriter
2018-09-25 18:12:02,330 - INFO - [(8652)-MainThread] UM.PluginRegistry.loadPlugin [238]: Loaded plugin FileLogger
2018-09-25 18:12:02,600 - INFO - [(8652)-MainThread] UM.PluginRegistry.loadPlugin [238]: Loaded plugin FirmwareUpdateChecker
2018-09-25 18:12:02,647 - INFO - [(8652)-MainThread] UM.PluginRegistry.loadPlugin [238]: Loaded plugin GCodeProfileReader
2018-09-25 18:12:02,731 - INFO - [(8652)-MainThread] UM.PluginRegistry.loadPlugin [238]: Loaded plugin GCodeReader
2018-09-25 18:12:02,785 - INFO - [(8652)-MainThread] UM.PluginRegistry.loadPlugin [238]: Loaded plugin GCodeWriter
2018-09-25 18:12:02,847 - INFO - [(8652)-MainThread] UM.PluginRegistry.loadPlugin [238]: Loaded plugin ImageReader
2018-09-25 18:12:02,901 - INFO - [(8652)-MainThread] UM.PluginRegistry.loadPlugin [238]: Loaded plugin LegacyProfileReader
2018-09-25 18:12:02,948 - INFO - [(8652)-MainThread] UM.PluginRegistry.loadPlugin [238]: Loaded plugin LocalContainerProvider
2018-09-25 18:12:03,001 - INFO - [(8652)-MainThread] UM.PluginRegistry.loadPlugin [238]: Loaded plugin LocalFileOutputDevice
2018-09-25 18:12:03,048 - INFO - [(8652)-MainThread] UM.PluginRegistry.loadPlugin [238]: Loaded plugin MachineSettingsAction
2018-09-25 18:12:03,132 - INFO - [(8652)-MainThread] UM.PluginRegistry.loadPlugin [238]: Loaded plugin MonitorStage
2018-09-25 18:12:03,217 - WARNING - [(8652)-MainThread] UM.Preferences.getValue [81]: Tried to get the value of non-existing setting cura/active_mode.
2018-09-25 18:12:03,233 - INFO - [(8652)-MainThread] UM.PluginRegistry.loadPlugin [238]: Loaded plugin PerObjectSettingsTool
2018-09-25 18:12:03,317 - INFO - [(8652)-MainThread] UM.PluginRegistry.loadPlugin [238]: Loaded plugin PluginBrowser
2018-09-25 18:12:03,402 - INFO - [(8652)-MainThread] UM.PluginRegistry.loadPlugin [238]: Loaded plugin PostProcessingPlugin
2018-09-25 18:12:03,480 - INFO - [(8652)-MainThread] UM.PluginRegistry.loadPlugin [238]: Loaded plugin PrepareStage
2018-09-25 18:12:03,618 - INFO - [(8652)-MainThread] UM.PluginRegistry.loadPlugin [238]: Loaded plugin RemovableDriveOutputDevice
2018-09-25 18:12:03,734 - INFO - [(8652)-MainThread] UM.PluginRegistry.loadPlugin [238]: Loaded plugin SimulationView
2018-09-25 18:12:03,803 - INFO - [(8652)-MainThread] UM.PluginRegistry.loadPlugin [238]: Loaded plugin SliceInfoPlugin
2018-09-25 18:12:03,866 - INFO - [(8652)-MainThread] UM.PluginRegistry.loadPlugin [238]: Loaded plugin SolidView
2018-09-25 18:12:03,919 - INFO - [(8652)-MainThread] UM.PluginRegistry.loadPlugin [238]: Loaded plugin CameraTool
2018-09-25 18:12:03,966 - INFO - [(8652)-MainThread] UM.PluginRegistry.loadPlugin [238]: Loaded plugin MirrorTool
2018-09-25 18:12:04,035 - INFO - [(8652)-MainThread] UM.PluginRegistry.loadPlugin [238]: Loaded plugin RotateTool
2018-09-25 18:12:04,104 - INFO - [(8652)-MainThread] UM.PluginRegistry.loadPlugin [238]: Loaded plugin ScaleTool
2018-09-25 18:12:04,151 - INFO - [(8652)-MainThread] UM.PluginRegistry.loadPlugin [238]: Loaded plugin SelectionTool
2018-09-25 18:12:04,235 - INFO - [(8652)-MainThread] UM.PluginRegistry.loadPlugin [238]: Loaded plugin TranslateTool
2018-09-25 18:12:04,336 - INFO - [(8652)-MainThread] UM.PluginRegistry.loadPlugin [238]: Loaded plugin UltimakerMachineActions
2018-09-25 18:12:04,568 - INFO - [(8652)-MainThread] UM.PluginRegistry.loadPlugin [238]: Loaded plugin UM3NetworkPrinting
2018-09-25 18:12:04,652 - INFO - [(8652)-MainThread] UM.PluginRegistry.loadPlugin [238]: Loaded plugin UpdateChecker
2018-09-25 18:12:04,652 - INFO - [(6564)-Thread-3] UpdateChecker.UpdateCheckerJob.run [34]: Checking for new version of cura
2018-09-25 18:12:04,683 - WARNING - [(6564)-Thread-3] UpdateChecker.UpdateCheckerJob.run [40]: Failed to check for new version: <urlopen error [Errno 11001] getaddrinfo failed>
2018-09-25 18:12:04,821 - INFO - [(8652)-MainThread] UM.PluginRegistry.loadPlugin [238]: Loaded plugin USBPrinting
2018-09-25 18:12:04,868 - INFO - [(8652)-MainThread] UM.PluginRegistry.loadPlugin [238]: Loaded plugin UserAgreementPlugin
2018-09-25 18:12:04,969 - INFO - [(8652)-MainThread] UM.PluginRegistry.loadPlugin [238]: Loaded plugin VersionUpgrade21to22
2018-09-25 18:12:05,038 - INFO - [(8652)-MainThread] UM.PluginRegistry.loadPlugin [238]: Loaded plugin VersionUpgrade22to24
2018-09-25 18:12:05,122 - INFO - [(8652)-MainThread] UM.PluginRegistry.loadPlugin [238]: Loaded plugin VersionUpgrade25to26
2018-09-25 18:12:05,191 - INFO - [(8652)-MainThread] UM.PluginRegistry.loadPlugin [238]: Loaded plugin VersionUpgrade26to27
2018-09-25 18:12:05,254 - INFO - [(8652)-MainThread] UM.PluginRegistry.loadPlugin [238]: Loaded plugin VersionUpgrade27to30
2018-09-25 18:12:05,322 - INFO - [(8652)-MainThread] UM.PluginRegistry.loadPlugin [238]: Loaded plugin VersionUpgrade30to31
2018-09-25 18:12:05,369 - INFO - [(8652)-MainThread] UM.PluginRegistry.loadPlugin [238]: Loaded plugin SimpleView
2018-09-25 18:12:05,454 - INFO - [(8652)-MainThread] UM.PluginRegistry.loadPlugin [238]: Loaded plugin X3DReader
2018-09-25 18:12:05,554 - INFO - [(8652)-MainThread] UM.PluginRegistry.loadPlugin [238]: Loaded plugin XmlMaterialProfile
2018-09-25 18:12:05,623 - INFO - [(8652)-MainThread] UM.PluginRegistry.loadPlugin [238]: Loaded plugin XRayView
2018-09-25 18:12:05,655 - INFO - [(8652)-MainThread] UM.VersionUpgradeManager.upgrade [113]: Looking for old configuration files to upgrade.
2018-09-25 18:12:05,940 - DEBUG - [(8652)-MainThread] UM.Backend.Backend._onSocketError [199]: Socket was unable to bind to port, increasing port number to 49675
2018-09-25 18:12:05,940 - DEBUG - [(8652)-MainThread] UM.Backend.Backend._createSocket [213]: Previous socket existed. Closing that first.
2018-09-25 18:12:05,955 - DEBUG - [(8652)-MainThread] CuraEngineBackend.CuraEngineBackend._terminate [262]: Attempting to kill the engine process
2018-09-25 18:12:05,955 - DEBUG - [(8652)-MainThread] UM.Backend.Backend._createSocket [213]: Previous socket existed. Closing that first.
2018-09-25 18:12:06,194 - DEBUG - [(8652)-MainThread] UM.Backend.Backend._logSocketState [173]: Socket state changed to Listening
2018-09-25 18:12:06,256 - INFO - [(8652)-MainThread] UM.Backend.Backend.startEngine [74]: Started engine process: C:\Program Files\Ultimaker Cura 3.2\CuraEngine.exe
2018-09-25 18:12:06,256 - DEBUG - [(8652)-MainThread] UM.Backend.Backend._backendLog [90]: [Backend] Calling engine with: ['C:\\Program Files\\Ultimaker Cura 3.2\\CuraEngine.exe', 'connect', '127.0.0.1:49675', '-j', 'C:\\Program Files\\Ultimaker Cura 3.2\\resources\\definitions\\fdmprinter.def.json', '']
2018-09-25 18:12:06,495 - DEBUG - [(8576)-Thread-12] UM.Backend.Backend._backendLog [90]: [Backend] 
2018-09-25 18:12:06,495 - DEBUG - [(8576)-Thread-12] UM.Backend.Backend._backendLog [90]: [Backend] Cura_SteamEngine version DEV
2018-09-25 18:12:06,510 - DEBUG - [(8576)-Thread-12] UM.Backend.Backend._backendLog [90]: [Backend] Copyright (C) 2017 Ultimaker
2018-09-25 18:12:06,510 - DEBUG - [(8576)-Thread-12] UM.Backend.Backend._backendLog [90]: [Backend] 
2018-09-25 18:12:06,510 - DEBUG - [(8576)-Thread-12] UM.Backend.Backend._backendLog [90]: [Backend] This program is free software: you can redistribute it and/or modify
2018-09-25 18:12:06,526 - DEBUG - [(8576)-Thread-12] UM.Backend.Backend._backendLog [90]: [Backend] it under the terms of the GNU Affero General Public License as published by
2018-09-25 18:12:06,526 - DEBUG - [(8576)-Thread-12] UM.Backend.Backend._backendLog [90]: [Backend] the Free Software Foundation, either version 3 of the License, or
2018-09-25 18:12:06,541 - DEBUG - [(8576)-Thread-12] UM.Backend.Backend._backendLog [90]: [Backend] (at your option) any later version.
2018-09-25 18:12:06,541 - DEBUG - [(8576)-Thread-12] UM.Backend.Backend._backendLog [90]: [Backend] 
2018-09-25 18:12:06,541 - DEBUG - [(8576)-Thread-12] UM.Backend.Backend._backendLog [90]: [Backend] This program is distributed in the hope that it will be useful,
2018-09-25 18:12:06,557 - DEBUG - [(8576)-Thread-12] UM.Backend.Backend._backendLog [90]: [Backend] but WITHOUT ANY WARRANTY; without even the implied warranty of
2018-09-25 18:12:06,557 - DEBUG - [(8576)-Thread-12] UM.Backend.Backend._backendLog [90]: [Backend] MERCHANTABILITY or FITNESS FOR A PARTICULAR PURPOSE.  See the
2018-09-25 18:12:06,557 - DEBUG - [(8576)-Thread-12] UM.Backend.Backend._backendLog [90]: [Backend] GNU Affero General Public License for more details.
2018-09-25 18:12:06,573 - DEBUG - [(8576)-Thread-12] UM.Backend.Backend._backendLog [90]: [Backend] 
2018-09-25 18:12:06,573 - DEBUG - [(8576)-Thread-12] UM.Backend.Backend._backendLog [90]: [Backend] You should have received a copy of the GNU Affero General Public License
2018-09-25 18:12:06,573 - DEBUG - [(8576)-Thread-12] UM.Backend.Backend._backendLog [90]: [Backend] along with this program.  If not, see <http://www.gnu.org/licenses/>.
2018-09-25 18:12:06,958 - DEBUG - [(8652)-MainThread] UM.Backend.Backend._logSocketState [177]: Socket state changed to Connected
2018-09-25 18:12:06,958 - DEBUG - [(8652)-MainThread] UM.Backend.Backend._onSocketStateChanged [167]: Backend connected on port 49675
2018-09-25 18:12:16,179 - WARNING - [(8652)-MainThread] UM.Preferences.getValue [81]: Tried to get the value of non-existing setting view/filter_current_build_plate.
2018-09-25 18:12:16,179 - DEBUG - [(8652)-MainThread] cura.Scene.CuraSceneController.setActiveBuildPlate [101]: Select build plate: 0
2018-09-25 18:12:16,179 - DEBUG - [(8652)-MainThread] UM.Controller.setActiveStage [155]: Setting active stage to PrepareStage
2018-09-25 18:12:16,179 - DEBUG - [(8652)-MainThread] UM.Controller.setActiveView [92]: Setting active view to SolidView
2018-09-25 18:12:16,395 - DEBUG - [(8652)-MainThread] LocalContainerProvider.LocalContainerProvider.loadContainer [50]: Loading container Custom FDM printer
2018-09-25 18:12:16,395 - DEBUG - [(8652)-MainThread] LocalContainerProvider.LocalContainerProvider.loadContainer [50]: Loading container Custom FDM printer_user
2018-09-25 18:12:16,395 - DEBUG - [(8652)-MainThread] LocalContainerProvider.LocalContainerProvider.loadContainer [50]: Loading container low
2018-09-25 18:12:16,395 - DEBUG - [(8652)-MainThread] LocalContainerProvider.LocalContainerProvider.loadContainer [50]: Loading container Custom FDM printer_settings
2018-09-25 18:12:16,412 - DEBUG - [(8652)-MainThread] LocalContainerProvider.LocalContainerProvider.loadContainer [50]: Loading container custom
2018-09-25 18:12:16,517 - DEBUG - [(8652)-MainThread] LocalContainerProvider.LocalContainerProvider.loadContainer [50]: Loading container custom_extruder_4 #2
2018-09-25 18:12:16,532 - DEBUG - [(8652)-MainThread] LocalContainerProvider.LocalContainerProvider.loadContainer [50]: Loading container custom_extruder_4 #2_user
2018-09-25 18:12:16,532 - WARNING - [(4668)-Thread-4] FirmwareUpdateChecker.FirmwareUpdateCheckerJob.run [77]: Failed to check for new version: <urlopen error [Errno 11001] getaddrinfo failed>
2018-09-25 18:12:16,532 - DEBUG - [(8652)-MainThread] LocalContainerProvider.LocalContainerProvider.loadContainer [50]: Loading container normal
2018-09-25 18:12:16,532 - DEBUG - [(8652)-MainThread] LocalContainerProvider.LocalContainerProvider.loadContainer [50]: Loading container generic_pla
2018-09-25 18:12:16,548 - DEBUG - [(8652)-MainThread] XmlMaterialProfile.XmlMaterialProfile.deserialize [544]: Found definition for machine ID ultimaker2_plus
2018-09-25 18:12:16,564 - DEBUG - [(8652)-MainThread] XmlMaterialProfile.XmlMaterialProfile.deserialize [544]: Found definition for machine ID ultimaker2_extended_plus
2018-09-25 18:12:16,595 - DEBUG - [(8652)-MainThread] XmlMaterialProfile.XmlMaterialProfile.deserialize [544]: Found definition for machine ID ultimaker2
2018-09-25 18:12:16,595 - DEBUG - [(8652)-MainThread] XmlMaterialProfile.XmlMaterialProfile.deserialize [544]: Found definition for machine ID ultimaker2_go
2018-09-25 18:12:16,595 - DEBUG - [(8652)-MainThread] XmlMaterialProfile.XmlMaterialProfile.deserialize [544]: Found definition for machine ID ultimaker2_extended
2018-09-25 18:12:16,595 - DEBUG - [(8652)-MainThread] XmlMaterialProfile.XmlMaterialProfile.deserialize [544]: Found definition for machine ID ultimaker_original
2018-09-25 18:12:16,595 - DEBUG - [(8652)-MainThread] XmlMaterialProfile.XmlMaterialProfile.deserialize [544]: Found definition for machine ID ultimaker3
2018-09-25 18:12:16,617 - DEBUG - [(8652)-MainThread] XmlMaterialProfile.XmlMaterialProfile.deserialize [544]: Found definition for machine ID ultimaker3_extended
2018-09-25 18:12:16,648 - DEBUG - [(8652)-MainThread] XmlMaterialProfile.XmlMaterialProfile.deserialize [544]: Found definition for machine ID imade3d_jellybox
2018-09-25 18:12:16,664 - DEBUG - [(8652)-MainThread] LocalContainerProvider.LocalContainerProvider.loadContainer [50]: Loading container custom_extruder_4 #2_settings
2018-09-25 18:12:16,680 - DEBUG - [(8652)-MainThread] LocalContainerProvider.LocalContainerProvider.loadContainer [50]: Loading container custom_extruder_4
2018-09-25 18:12:16,695 - INFO - [(8652)-MainThread] cura.Settings.GlobalStack.addExtruder [73]: Extruder[custom_extruder_4 #2] added to [Custom FDM printer] at position [3]
2018-09-25 18:12:16,695 - WARNING - [(8652)-MainThread] UM.Settings.ContainerStack.addMetaDataEntry [166]: Meta data with key machine was already added.
2018-09-25 18:12:16,695 - DEBUG - [(8652)-MainThread] LocalContainerProvider.LocalContainerProvider.loadContainer [50]: Loading container custom_extruder_2 #2
2018-09-25 18:12:16,695 - DEBUG - [(8652)-MainThread] LocalContainerProvider.LocalContainerProvider.loadContainer [50]: Loading container custom_extruder_2 #2_user
2018-09-25 18:12:16,712 - DEBUG - [(8652)-MainThread] LocalContainerProvider.LocalContainerProvider.loadContainer [50]: Loading container custom_extruder_2 #2_settings
2018-09-25 18:12:16,715 - DEBUG - [(8652)-MainThread] LocalContainerProvider.LocalContainerProvider.loadContainer [50]: Loading container custom_extruder_2
2018-09-25 18:12:16,717 - INFO - [(8652)-MainThread] cura.Settings.GlobalStack.addExtruder [73]: Extruder[custom_extruder_2 #2] added to [Custom FDM printer] at position [1]
2018-09-25 18:12:16,733 - WARNING - [(8652)-MainThread] UM.Settings.ContainerStack.addMetaDataEntry [166]: Meta data with key machine was already added.
2018-09-25 18:12:16,733 - DEBUG - [(8652)-MainThread] LocalContainerProvider.LocalContainerProvider.loadContainer [50]: Loading container custom_extruder_7 #2
2018-09-25 18:12:16,733 - DEBUG - [(8652)-MainThread] LocalContainerProvider.LocalContainerProvider.loadContainer [50]: Loading container custom_extruder_7 #2_user
2018-09-25 18:12:16,748 - DEBUG - [(8652)-MainThread] LocalContainerProvider.LocalContainerProvider.loadContainer [50]: Loading container custom_extruder_7 #2_settings
2018-09-25 18:12:16,748 - DEBUG - [(8652)-MainThread] LocalContainerProvider.LocalContainerProvider.loadContainer [50]: Loading container custom_extruder_7
2018-09-25 18:12:16,764 - INFO - [(8652)-MainThread] cura.Settings.GlobalStack.addExtruder [73]: Extruder[custom_extruder_7 #2] added to [Custom FDM printer] at position [6]
2018-09-25 18:12:16,764 - WARNING - [(8652)-MainThread] UM.Settings.ContainerStack.addMetaDataEntry [166]: Meta data with key machine was already added.
2018-09-25 18:12:16,764 - DEBUG - [(8652)-MainThread] LocalContainerProvider.LocalContainerProvider.loadContainer [50]: Loading container custom_extruder_5 #2
2018-09-25 18:12:16,764 - DEBUG - [(8652)-MainThread] LocalContainerProvider.LocalContainerProvider.loadContainer [50]: Loading container custom_extruder_5 #2_user
2018-09-25 18:12:16,780 - DEBUG - [(8652)-MainThread] LocalContainerProvider.LocalContainerProvider.loadContainer [50]: Loading container custom_extruder_5 #2_settings
2018-09-25 18:12:16,780 - DEBUG - [(8652)-MainThread] LocalContainerProvider.LocalContainerProvider.loadContainer [50]: Loading container custom_extruder_5
2018-09-25 18:12:16,795 - INFO - [(8652)-MainThread] cura.Settings.GlobalStack.addExtruder [73]: Extruder[custom_extruder_5 #2] added to [Custom FDM printer] at position [4]
2018-09-25 18:12:16,795 - WARNING - [(8652)-MainThread] UM.Settings.ContainerStack.addMetaDataEntry [166]: Meta data with key machine was already added.
2018-09-25 18:12:16,795 - DEBUG - [(8652)-MainThread] LocalContainerProvider.LocalContainerProvider.loadContainer [50]: Loading container custom_extruder_3 #2
2018-09-25 18:12:16,811 - DEBUG - [(8652)-MainThread] LocalContainerProvider.LocalContainerProvider.loadContainer [50]: Loading container custom_extruder_3 #2_user
2018-09-25 18:12:16,815 - DEBUG - [(8652)-MainThread] LocalContainerProvider.LocalContainerProvider.loadContainer [50]: Loading container custom_extruder_3 #2_settings
2018-09-25 18:12:16,817 - DEBUG - [(8652)-MainThread] LocalContainerProvider.LocalContainerProvider.loadContainer [50]: Loading container custom_extruder_3
2018-09-25 18:12:16,833 - INFO - [(8652)-MainThread] cura.Settings.GlobalStack.addExtruder [73]: Extruder[custom_extruder_3 #2] added to [Custom FDM printer] at position [2]
2018-09-25 18:12:16,833 - WARNING - [(8652)-MainThread] UM.Settings.ContainerStack.addMetaDataEntry [166]: Meta data with key machine was already added.
2018-09-25 18:12:16,833 - DEBUG - [(8652)-MainThread] LocalContainerProvider.LocalContainerProvider.loadContainer [50]: Loading container custom_extruder_1 #2
2018-09-25 18:12:16,833 - DEBUG - [(8652)-MainThread] LocalContainerProvider.LocalContainerProvider.loadContainer [50]: Loading container custom_extruder_1 #2_user
2018-09-25 18:12:16,849 - DEBUG - [(8652)-MainThread] LocalContainerProvider.LocalContainerProvider.loadContainer [50]: Loading container custom_extruder_1 #2_settings
2018-09-25 18:12:16,849 - DEBUG - [(8652)-MainThread] LocalContainerProvider.LocalContainerProvider.loadContainer [50]: Loading container custom_extruder_1
2018-09-25 18:12:16,864 - INFO - [(8652)-MainThread] cura.Settings.GlobalStack.addExtruder [73]: Extruder[custom_extruder_1 #2] added to [Custom FDM printer] at position [0]
2018-09-25 18:12:16,864 - WARNING - [(8652)-MainThread] UM.Settings.ContainerStack.addMetaDataEntry [166]: Meta data with key machine was already added.
2018-09-25 18:12:16,864 - DEBUG - [(8652)-MainThread] LocalContainerProvider.LocalContainerProvider.loadContainer [50]: Loading container custom_extruder_6 #2
2018-09-25 18:12:16,880 - DEBUG - [(8652)-MainThread] LocalContainerProvider.LocalContainerProvider.loadContainer [50]: Loading container custom_extruder_6 #2_user
2018-09-25 18:12:16,880 - DEBUG - [(8652)-MainThread] LocalContainerProvider.LocalContainerProvider.loadContainer [50]: Loading container custom_extruder_6 #2_settings
2018-09-25 18:12:16,880 - DEBUG - [(8652)-MainThread] LocalContainerProvider.LocalContainerProvider.loadContainer [50]: Loading container custom_extruder_6
2018-09-25 18:12:16,896 - INFO - [(8652)-MainThread] cura.Settings.GlobalStack.addExtruder [73]: Extruder[custom_extruder_6 #2] added to [Custom FDM printer] at position [5]
2018-09-25 18:12:16,896 - WARNING - [(8652)-MainThread] UM.Settings.ContainerStack.addMetaDataEntry [166]: Meta data with key machine was already added.
2018-09-25 18:12:16,912 - DEBUG - [(8652)-MainThread] LocalContainerProvider.LocalContainerProvider.loadContainer [50]: Loading container custom_extruder_8 #2
2018-09-25 18:12:16,917 - DEBUG - [(8652)-MainThread] LocalContainerProvider.LocalContainerProvider.loadContainer [50]: Loading container custom_extruder_8 #2_user
2018-09-25 18:12:16,917 - DEBUG - [(8652)-MainThread] LocalContainerProvider.LocalContainerProvider.loadContainer [50]: Loading container custom_extruder_8 #2_settings
2018-09-25 18:12:16,917 - DEBUG - [(8652)-MainThread] LocalContainerProvider.LocalContainerProvider.loadContainer [50]: Loading container custom_extruder_8
2018-09-25 18:12:16,933 - INFO - [(8652)-MainThread] cura.Settings.GlobalStack.addExtruder [73]: Extruder[custom_extruder_8 #2] added to [Custom FDM printer] at position [7]
2018-09-25 18:12:16,948 - WARNING - [(8652)-MainThread] UM.Settings.ContainerStack.addMetaDataEntry [166]: Meta data with key machine was already added.
2018-09-25 18:12:16,948 - WARNING - [(8652)-MainThread] cura.Settings.GlobalStack.addExtruder [69]: Extruder [custom_extruder_4 #2] has already been added to this stack [Custom FDM printer]
2018-09-25 18:12:16,948 - WARNING - [(8652)-MainThread] UM.Settings.ContainerStack.addMetaDataEntry [166]: Meta data with key machine was already added.
2018-09-25 18:12:16,948 - WARNING - [(8652)-MainThread] cura.Settings.ExtruderManager.registerExtruder [223]: Extruder [custom_extruder_4 #2] has already been registered on machine [Custom FDM printer], not doing anything
2018-09-25 18:12:16,948 - WARNING - [(8652)-MainThread] cura.Settings.GlobalStack.addExtruder [69]: Extruder [custom_extruder_2 #2] has already been added to this stack [Custom FDM printer]
2018-09-25 18:12:16,964 - WARNING - [(8652)-MainThread] UM.Settings.ContainerStack.addMetaDataEntry [166]: Meta data with key machine was already added.
2018-09-25 18:12:16,964 - WARNING - [(8652)-MainThread] cura.Settings.ExtruderManager.registerExtruder [223]: Extruder [custom_extruder_2 #2] has already been registered on machine [Custom FDM printer], not doing anything
2018-09-25 18:12:16,964 - WARNING - [(8652)-MainThread] cura.Settings.GlobalStack.addExtruder [69]: Extruder [custom_extruder_7 #2] has already been added to this stack [Custom FDM printer]
2018-09-25 18:12:16,964 - WARNING - [(8652)-MainThread] UM.Settings.ContainerStack.addMetaDataEntry [166]: Meta data with key machine was already added.
2018-09-25 18:12:16,964 - WARNING - [(8652)-MainThread] cura.Settings.ExtruderManager.registerExtruder [223]: Extruder [custom_extruder_7 #2] has already been registered on machine [Custom FDM printer], not doing anything
2018-09-25 18:12:16,980 - WARNING - [(8652)-MainThread] cura.Settings.GlobalStack.addExtruder [69]: Extruder [custom_extruder_5 #2] has already been added to this stack [Custom FDM printer]
2018-09-25 18:12:16,980 - WARNING - [(8652)-MainThread] UM.Settings.ContainerStack.addMetaDataEntry [166]: Meta data with key machine was already added.
2018-09-25 18:12:16,980 - WARNING - [(8652)-MainThread] cura.Settings.ExtruderManager.registerExtruder [223]: Extruder [custom_extruder_5 #2] has already been registered on machine [Custom FDM printer], not doing anything
2018-09-25 18:12:16,980 - WARNING - [(8652)-MainThread] cura.Settings.GlobalStack.addExtruder [69]: Extruder [custom_extruder_3 #2] has already been added to this stack [Custom FDM printer]
2018-09-25 18:12:16,980 - WARNING - [(8652)-MainThread] UM.Settings.ContainerStack.addMetaDataEntry [166]: Meta data with key machine was already added.
2018-09-25 18:12:16,980 - WARNING - [(8652)-MainThread] cura.Settings.ExtruderManager.registerExtruder [223]: Extruder [custom_extruder_3 #2] has already been registered on machine [Custom FDM printer], not doing anything
2018-09-25 18:12:16,995 - WARNING - [(8652)-MainThread] cura.Settings.GlobalStack.addExtruder [69]: Extruder [custom_extruder_1 #2] has already been added to this stack [Custom FDM printer]
2018-09-25 18:12:16,995 - WARNING - [(8652)-MainThread] UM.Settings.ContainerStack.addMetaDataEntry [166]: Meta data with key machine was already added.
2018-09-25 18:12:16,995 - WARNING - [(8652)-MainThread] cura.Settings.ExtruderManager.registerExtruder [223]: Extruder [custom_extruder_1 #2] has already been registered on machine [Custom FDM printer], not doing anything
2018-09-25 18:12:16,995 - WARNING - [(8652)-MainThread] cura.Settings.GlobalStack.addExtruder [69]: Extruder [custom_extruder_6 #2] has already been added to this stack [Custom FDM printer]
2018-09-25 18:12:16,995 - WARNING - [(8652)-MainThread] UM.Settings.ContainerStack.addMetaDataEntry [166]: Meta data with key machine was already added.
2018-09-25 18:12:17,013 - WARNING - [(8652)-MainThread] cura.Settings.ExtruderManager.registerExtruder [223]: Extruder [custom_extruder_6 #2] has already been registered on machine [Custom FDM printer], not doing anything
2018-09-25 18:12:17,016 - WARNING - [(8652)-MainThread] cura.Settings.GlobalStack.addExtruder [69]: Extruder [custom_extruder_8 #2] has already been added to this stack [Custom FDM printer]
2018-09-25 18:12:17,017 - WARNING - [(8652)-MainThread] UM.Settings.ContainerStack.addMetaDataEntry [166]: Meta data with key machine was already added.
2018-09-25 18:12:17,017 - WARNING - [(8652)-MainThread] cura.Settings.ExtruderManager.registerExtruder [223]: Extruder [custom_extruder_8 #2] has already been registered on machine [Custom FDM printer], not doing anything
2018-09-25 18:12:17,049 - DEBUG - [(8652)-MainThread] LocalContainerProvider.LocalContainerProvider.loadContainer [50]: Loading container fdmprinter
2018-09-25 18:12:18,284 - DEBUG - [(8652)-MainThread] cura.Settings.MachineManager._checkStacksHaveErrors [423]: Checking 2 stacks for errors took 0.93 s
2018-09-25 18:12:19,355 - DEBUG - [(8652)-MainThread] cura.Settings.MachineManager._checkStacksHaveErrors [423]: Checking 2 stacks for errors took 0.94 s
2018-09-25 18:12:21,929 - DEBUG - [(8652)-MainThread] UM.Qt.Bindings.Theme.load [172]: Loading theme file: C:\Program Files\Ultimaker Cura 3.2\resources\themes\cura-light\theme.json
2018-09-25 18:12:22,392 - DEBUG - [(8652)-MainThread] UM.Qt.Bindings.Theme.load [240]: Loaded theme C:\Program Files\Ultimaker Cura 3.2\resources\themes\cura-light
2018-09-25 18:12:22,962 - DEBUG - [(8652)-MainThread] UM.Controller.setActiveView [92]: Setting active view to SolidView
2018-09-25 18:12:23,931 - WARNING - [(8652)-MainThread] UM.Qt.QtApplication.__onQmlWarning [267]: file:///C:/Program Files/Ultimaker Cura 3.2/qml/QtQuick/Controls/Private/BasicTableView.qml:613:17: QML Item: Binding loop detected for property "width"
2018-09-25 18:12:25,394 - DEBUG - [(8652)-MainThread] UM3NetworkPrinting.DiscoverUM3Action._createAdditionalComponentsView [136]: Creating additional ui components for UM3.
2018-09-25 18:12:25,479 - DEBUG - [(8652)-MainThread] UM3NetworkPrinting.DiscoverUM3Action.startDiscovery [36]: Starting printer discovery.
2018-09-25 18:12:25,532 - DEBUG - [(8652)-MainThread] UM.Controller.setActiveStage [155]: Setting active stage to PrepareStage
2018-09-25 18:12:26,695 - DEBUG - [(8652)-MainThread] LocalContainerProvider.LocalContainerProvider.loadContainer [50]: Loading container coarse
2018-09-25 18:12:26,704 - DEBUG - [(8652)-MainThread] cura.Settings.MachineManager._onInstanceContainersChanged [365]: Connecting profiles model...
2018-09-25 18:12:26,705 - DEBUG - [(8652)-MainThread] LocalContainerProvider.LocalContainerProvider.loadContainer [50]: Loading container draft
2018-09-25 18:12:26,711 - DEBUG - [(8652)-MainThread] LocalContainerProvider.LocalContainerProvider.loadContainer [50]: Loading container extra_coarse
2018-09-25 18:12:26,717 - DEBUG - [(8652)-MainThread] LocalContainerProvider.LocalContainerProvider.loadContainer [50]: Loading container high
2018-09-25 18:12:28,533 - DEBUG - [(8652)-MainThread] cura.Settings.MachineManager._checkStacksHaveErrors [423]: Checking 2 stacks for errors took 1.39 s
2018-09-25 18:12:29,767 - DEBUG - [(8652)-MainThread] cura.Settings.MachineManager._checkStacksHaveErrors [423]: Checking 2 stacks for errors took 0.81 s
2018-09-25 18:12:31,045 - DEBUG - [(8652)-MainThread] cura.Settings.MachineManager._checkStacksHaveErrors [423]: Checking 2 stacks for errors took 0.78 s
2018-09-25 18:12:31,840 - DEBUG - [(8652)-MainThread] UM.Qt.QtRenderer._initialize [184]: Support for Vertex Array Objects: True
2018-09-25 18:12:31,879 - DEBUG - [(8652)-MainThread] UM.View.GL.OpenGL.__init__ [92]: Initialized OpenGL subsystems.
2018-09-25 18:12:31,881 - DEBUG - [(8652)-MainThread] UM.View.GL.OpenGL.__init__ [93]: OpenGL Version:  4.1.0 - Build 20.19.15.4835
2018-09-25 18:12:31,883 - DEBUG - [(8652)-MainThread] UM.View.GL.OpenGL.__init__ [94]: OpenGL Vendor:   Intel
2018-09-25 18:12:31,885 - DEBUG - [(8652)-MainThread] UM.View.GL.OpenGL.__init__ [95]: OpenGL Renderer: Intel(R) HD Graphics 5300
2018-09-25 18:12:31,888 - DEBUG - [(8652)-MainThread] UM.View.GL.ShaderProgram.load [55]: Loading shader file [C:\Program Files\Ultimaker Cura 3.2\resources\shaders\default.shader]...
2018-09-25 18:12:31,910 - DEBUG - [(8652)-MainThread] UM.View.GL.ShaderProgram.load [55]: Loading shader file [C:\Program Files\Ultimaker Cura 3.2\resources\shaders\selection.shader]...
2018-09-25 18:12:31,921 - DEBUG - [(8652)-MainThread] UM.View.GL.ShaderProgram.load [55]: Loading shader file [C:\Program Files\Ultimaker Cura 3.2\resources\shaders\default.shader]...
2018-09-25 18:12:31,930 - DEBUG - [(8652)-MainThread] UM.View.GL.ShaderProgram.load [55]: Loading shader file [C:\Program Files\Ultimaker Cura 3.2\resources\shaders\composite.shader]...
2018-09-25 18:12:31,957 - DEBUG - [(8652)-MainThread] UM.View.GL.ShaderProgram.load [55]: Loading shader file [C:\Program Files\Ultimaker Cura 3.2\resources\shaders\overhang.shader]...
2018-09-25 18:12:31,975 - DEBUG - [(8652)-MainThread] UM.View.GL.ShaderProgram.load [55]: Loading shader file [C:\Program Files\Ultimaker Cura 3.2\resources\shaders\striped.shader]...
2018-09-25 18:12:31,993 - DEBUG - [(8652)-MainThread] UM.View.GL.ShaderProgram.load [55]: Loading shader file [C:\Program Files\Ultimaker Cura 3.2\resources\shaders\transparent_object.shader]...
2018-09-25 18:12:32,010 - DEBUG - [(8652)-MainThread] UM.View.GL.ShaderProgram.load [55]: Loading shader file [C:\Program Files\Ultimaker Cura 3.2\resources\shaders\striped.shader]...
2018-09-25 18:12:32,025 - DEBUG - [(8652)-MainThread] UM.View.GL.ShaderProgram.load [55]: Loading shader file [C:\Program Files\Ultimaker Cura 3.2\resources\shaders\default.shader]...
2018-09-25 18:12:32,033 - DEBUG - [(8652)-MainThread] UM.View.GL.ShaderProgram.load [55]: Loading shader file [C:\Program Files\Ultimaker Cura 3.2\resources\shaders\grid.shader]...
2018-09-25 18:12:32,048 - DEBUG - [(8652)-MainThread] UM.View.GL.ShaderProgram.load [55]: Loading shader file [C:\Program Files\Ultimaker Cura 3.2\resources\shaders\platform.shader]...
2018-09-25 18:12:33,164 - DEBUG - [(8652)-MainThread] cura.Settings.MachineManager._checkStacksHaveErrors [423]: Checking 2 stacks for errors took 0.78 s
2018-09-25 18:12:34,387 - DEBUG - [(8652)-MainThread] cura.Settings.MachineManager._checkStacksHaveErrors [423]: Checking 2 stacks for errors took 0.77 s
2018-09-25 18:12:34,889 - DEBUG - [(8652)-MainThread] CuraEngineBackend.CuraEngineBackend.slice [197]: starting to slice!
2018-09-25 18:12:34,889 - DEBUG - [(8652)-MainThread] CuraEngineBackend.CuraEngineBackend.slice [214]: Going to slice build plate [0]!
2018-09-25 18:12:34,889 - DEBUG - [(8652)-MainThread] CuraEngineBackend.CuraEngineBackend.slice [218]: Build plate 0 has no objects to be sliced, skipping
2018-09-25 18:12:39,980 - DEBUG - [(1084)-Thread-13] USBPrinting.USBPrinterOutputDevice._connect [340]: Attempting to connect to COM7
2018-09-25 18:12:39,980 - WARNING - [(8652)-MainThread] UM.OutputDevice.OutputDeviceManager.removeOutputDevice [126]: Could not find output device with id COM7 to remove
2018-09-25 18:12:41,629 - INFO - [(1084)-Thread-13] USBPrinting.USBPrinterOutputDevice._connect [348]: Could not establish connection on COM7: 'Timeout'. Device is not arduino based.
2018-09-25 18:12:41,629 - DEBUG - [(1084)-Thread-13] USBPrinting.USBPrinterOutputDevice._connect [356]: Attempting to connect to printer with serial COM7 on baud rate 115200
2018-09-25 18:12:43,274 - DEBUG - [(8652)-MainThread] AutoSave.AutoSave._onTimeout [71]: Autosaving preferences, instances and profiles
2018-09-25 18:12:53,142 - DEBUG - [(1084)-Thread-13] USBPrinting.USBPrinterOutputDevice._connect [382]: Correct response for auto-baudrate detection received.
2018-09-25 18:12:58,173 - DEBUG - [(1084)-Thread-13] USBPrinting.USBPrinterOutputDevice._connect [356]: Attempting to connect to printer with serial COM7 on baud rate 250000
2018-09-25 18:12:59,701 - DEBUG - [(1084)-Thread-13] USBPrinting.USBPrinterOutputDevice._connect [382]: Correct response for auto-baudrate detection received.
2018-09-25 18:13:04,728 - DEBUG - [(1084)-Thread-13] USBPrinting.USBPrinterOutputDevice._connect [356]: Attempting to connect to printer with serial COM7 on baud rate 230400
2018-09-25 18:13:06,246 - DEBUG - [(1084)-Thread-13] USBPrinting.USBPrinterOutputDevice._connect [382]: Correct response for auto-baudrate detection received.
2018-09-25 18:13:09,626 - DEBUG - [(8652)-MainThread] UM.Qt.QtApplication.windowClosed [345]: Shutting down cura
2018-09-25 18:13:09,689 - DEBUG - [(8652)-MainThread] CuraEngineBackend.CuraEngineBackend._terminate [262]: Attempting to kill the engine process
2018-09-25 18:13:09,689 - DEBUG - [(8652)-MainThread] CuraEngineBackend.CuraEngineBackend._terminate [268]: Killing engine process
2018-09-25 18:13:09,689 - DEBUG - [(8652)-MainThread] CuraEngineBackend.CuraEngineBackend._terminate [271]: Engine process is killed. Received return code 1
